This is pdfTeX, Version 3.141592653-2.6-1.40.25 (MiKTeX 24.1) (preloaded format=pdflatex 2024.2.16)  20 DEC 2024 12:01
entering extended mode
 restricted \write18 enabled.
 %&-line parsing enabled.
**./slide.tex
(slide.tex
LaTeX2e <2023-11-01> patch level 1
L3 programming layer <2024-01-04>
(C:\Users\Asus\AppData\Local\Programs\MiKTeX\tex/latex/beamer\beamer.cls
Document Class: beamer 2024/01/06 v3.71 A class for typesetting presentations

(C:\Users\Asus\AppData\Local\Programs\MiKTeX\tex/latex/beamer\beamerbasemodes.s
ty (C:\Users\Asus\AppData\Local\Programs\MiKTeX\tex/latex/etoolbox\etoolbox.sty
Package: etoolbox 2020/10/05 v2.5k e-TeX tools for LaTeX (JAW)
\etb@tempcnta=\count187
)
\beamer@tempbox=\box51
\beamer@tempcount=\count188
\c@beamerpauses=\count189

(C:\Users\Asus\AppData\Local\Programs\MiKTeX\tex/latex/beamer\beamerbasedecode.
sty
\beamer@slideinframe=\count190
\beamer@minimum=\count191
\beamer@decode@box=\box52
)
\beamer@commentbox=\box53
\beamer@modecount=\count192
) (C:\Users\Asus\AppData\Local\Programs\MiKTeX\tex/generic/iftex\iftex.sty
Package: iftex 2022/02/03 v1.0f TeX engine tests
)
\headdp=\dimen140
\footheight=\dimen141
\sidebarheight=\dimen142
\beamer@tempdim=\dimen143
\beamer@finalheight=\dimen144
\beamer@animht=\dimen145
\beamer@animdp=\dimen146
\beamer@animwd=\dimen147
\beamer@leftmargin=\dimen148
\beamer@rightmargin=\dimen149
\beamer@leftsidebar=\dimen150
\beamer@rightsidebar=\dimen151
\beamer@boxsize=\dimen152
\beamer@vboxoffset=\dimen153
\beamer@descdefault=\dimen154
\beamer@descriptionwidth=\dimen155
\beamer@lastskip=\skip48
\beamer@areabox=\box54
\beamer@animcurrent=\box55
\beamer@animshowbox=\box56
\beamer@sectionbox=\box57
\beamer@logobox=\box58
\beamer@linebox=\box59
\beamer@sectioncount=\count193
\beamer@subsubsectionmax=\count194
\beamer@subsectionmax=\count195
\beamer@sectionmax=\count196
\beamer@totalheads=\count197
\beamer@headcounter=\count198
\beamer@partstartpage=\count199
\beamer@sectionstartpage=\count266
\beamer@subsectionstartpage=\count267
\beamer@animationtempa=\count268
\beamer@animationtempb=\count269
\beamer@xpos=\count270
\beamer@ypos=\count271
\beamer@ypos@offset=\count272
\beamer@showpartnumber=\count273
\beamer@currentsubsection=\count274
\beamer@coveringdepth=\count275
\beamer@sectionadjust=\count276
\beamer@toclastsection=\count277
\beamer@tocsectionnumber=\count278

(C:\Users\Asus\AppData\Local\Programs\MiKTeX\tex/latex/beamer\beamerbaseoptions
.sty (C:\Users\Asus\AppData\Local\Programs\MiKTeX\tex/latex/graphics\keyval.sty
Package: keyval 2022/05/29 v1.15 key=value parser (DPC)
\KV@toks@=\toks17
))
\beamer@paperwidth=\skip49
\beamer@paperheight=\skip50
 (C:\Users\Asus\AppData\Local\Programs\MiKTeX\tex/latex/geometry\geometry.sty
Package: geometry 2020/01/02 v5.9 Page Geometry
(C:\Users\Asus\AppData\Local\Programs\MiKTeX\tex/generic/iftex\ifvtex.sty
Package: ifvtex 2019/10/25 v1.7 ifvtex legacy package. Use iftex instead.
)
\Gm@cnth=\count279
\Gm@cntv=\count280
\c@Gm@tempcnt=\count281
\Gm@bindingoffset=\dimen156
\Gm@wd@mp=\dimen157
\Gm@odd@mp=\dimen158
\Gm@even@mp=\dimen159
\Gm@layoutwidth=\dimen160
\Gm@layoutheight=\dimen161
\Gm@layouthoffset=\dimen162
\Gm@layoutvoffset=\dimen163
\Gm@dimlist=\toks18

(C:\Users\Asus\AppData\Local\Programs\MiKTeX\tex/latex/geometry\geometry.cfg))
(C:\Users\Asus\AppData\Local\Programs\MiKTeX\tex/latex/pgf/math\pgfmath.sty
(C:\Users\Asus\AppData\Local\Programs\MiKTeX\tex/latex/pgf/utilities\pgfrcs.sty

(C:\Users\Asus\AppData\Local\Programs\MiKTeX\tex/generic/pgf/utilities\pgfutil-
common.tex
\pgfutil@everybye=\toks19
\pgfutil@tempdima=\dimen164
\pgfutil@tempdimb=\dimen165
)
(C:\Users\Asus\AppData\Local\Programs\MiKTeX\tex/generic/pgf/utilities\pgfutil-
latex.def
\pgfutil@abb=\box60
)
(C:\Users\Asus\AppData\Local\Programs\MiKTeX\tex/generic/pgf/utilities\pgfrcs.c
ode.tex
(C:\Users\Asus\AppData\Local\Programs\MiKTeX\tex/generic/pgf\pgf.revision.tex)
Package: pgfrcs 2023-01-15 v3.1.10 (3.1.10)
))
(C:\Users\Asus\AppData\Local\Programs\MiKTeX\tex/latex/pgf/utilities\pgfkeys.st
y
(C:\Users\Asus\AppData\Local\Programs\MiKTeX\tex/generic/pgf/utilities\pgfkeys.
code.tex
\pgfkeys@pathtoks=\toks20
\pgfkeys@temptoks=\toks21

(C:\Users\Asus\AppData\Local\Programs\MiKTeX\tex/generic/pgf/utilities\pgfkeysl
ibraryfiltered.code.tex
\pgfkeys@tmptoks=\toks22
)))
(C:\Users\Asus\AppData\Local\Programs\MiKTeX\tex/generic/pgf/math\pgfmath.code.
tex
(C:\Users\Asus\AppData\Local\Programs\MiKTeX\tex/generic/pgf/math\pgfmathutil.c
ode.tex
\pgf@x=\dimen166
\pgf@xa=\dimen167
\pgf@xb=\dimen168
\pgf@xc=\dimen169
\pgf@y=\dimen170
\pgf@ya=\dimen171
\pgf@yb=\dimen172
\pgf@yc=\dimen173
\c@pgf@counta=\count282
\c@pgf@countb=\count283
\c@pgf@countc=\count284
\c@pgf@countd=\count285
)
(C:\Users\Asus\AppData\Local\Programs\MiKTeX\tex/generic/pgf/math\pgfmathparser
.code.tex
\pgfmath@dimen=\dimen174
\pgfmath@count=\count286
\pgfmath@box=\box61
\pgfmath@toks=\toks23
\pgfmath@stack@operand=\toks24
\pgfmath@stack@operation=\toks25
)
(C:\Users\Asus\AppData\Local\Programs\MiKTeX\tex/generic/pgf/math\pgfmathfuncti
ons.code.tex)
(C:\Users\Asus\AppData\Local\Programs\MiKTeX\tex/generic/pgf/math\pgfmathfuncti
ons.basic.code.tex)
(C:\Users\Asus\AppData\Local\Programs\MiKTeX\tex/generic/pgf/math\pgfmathfuncti
ons.trigonometric.code.tex)
(C:\Users\Asus\AppData\Local\Programs\MiKTeX\tex/generic/pgf/math\pgfmathfuncti
ons.random.code.tex)
(C:\Users\Asus\AppData\Local\Programs\MiKTeX\tex/generic/pgf/math\pgfmathfuncti
ons.comparison.code.tex)
(C:\Users\Asus\AppData\Local\Programs\MiKTeX\tex/generic/pgf/math\pgfmathfuncti
ons.base.code.tex)
(C:\Users\Asus\AppData\Local\Programs\MiKTeX\tex/generic/pgf/math\pgfmathfuncti
ons.round.code.tex)
(C:\Users\Asus\AppData\Local\Programs\MiKTeX\tex/generic/pgf/math\pgfmathfuncti
ons.misc.code.tex)
(C:\Users\Asus\AppData\Local\Programs\MiKTeX\tex/generic/pgf/math\pgfmathfuncti
ons.integerarithmetics.code.tex)
(C:\Users\Asus\AppData\Local\Programs\MiKTeX\tex/generic/pgf/math\pgfmathcalc.c
ode.tex)
(C:\Users\Asus\AppData\Local\Programs\MiKTeX\tex/generic/pgf/math\pgfmathfloat.
code.tex
\c@pgfmathroundto@lastzeros=\count287
)))

Class beamer Warning: ``serif'' option is obsolete. Use font theme ``serif'' in
stead on input line 360.

(C:\Users\Asus\AppData\Local\Programs\MiKTeX\tex/latex/base\size11.clo
File: size11.clo 2023/05/17 v1.4n Standard LaTeX file (size option)
)
(C:\Users\Asus\AppData\Local\Programs\MiKTeX\tex/latex/pgf/basiclayer\pgfcore.s
ty (C:\Users\Asus\AppData\Local\Programs\MiKTeX\tex/latex/graphics\graphicx.sty
Package: graphicx 2021/09/16 v1.2d Enhanced LaTeX Graphics (DPC,SPQR)
(C:\Users\Asus\AppData\Local\Programs\MiKTeX\tex/latex/graphics\graphics.sty
Package: graphics 2022/03/10 v1.4e Standard LaTeX Graphics (DPC,SPQR)

(C:\Users\Asus\AppData\Local\Programs\MiKTeX\tex/latex/graphics\trig.sty
Package: trig 2021/08/11 v1.11 sin cos tan (DPC)
)
(C:\Users\Asus\AppData\Local\Programs\MiKTeX\tex/latex/graphics-cfg\graphics.cf
g
File: graphics.cfg 2016/06/04 v1.11 sample graphics configuration
)
Package graphics Info: Driver file: pdftex.def on input line 107.

(C:\Users\Asus\AppData\Local\Programs\MiKTeX\tex/latex/graphics-def\pdftex.def
File: pdftex.def 2022/09/22 v1.2b Graphics/color driver for pdftex
))
\Gin@req@height=\dimen175
\Gin@req@width=\dimen176
)
(C:\Users\Asus\AppData\Local\Programs\MiKTeX\tex/latex/pgf/systemlayer\pgfsys.s
ty
(C:\Users\Asus\AppData\Local\Programs\MiKTeX\tex/generic/pgf/systemlayer\pgfsys
.code.tex
Package: pgfsys 2023-01-15 v3.1.10 (3.1.10)
\pgf@x=\dimen177
\pgf@y=\dimen178
\pgf@xa=\dimen179
\pgf@ya=\dimen180
\pgf@xb=\dimen181
\pgf@yb=\dimen182
\pgf@xc=\dimen183
\pgf@yc=\dimen184
\pgf@xd=\dimen185
\pgf@yd=\dimen186
\w@pgf@writea=\write3
\r@pgf@reada=\read2
\c@pgf@counta=\count288
\c@pgf@countb=\count289
\c@pgf@countc=\count290
\c@pgf@countd=\count291
\t@pgf@toka=\toks26
\t@pgf@tokb=\toks27
\t@pgf@tokc=\toks28
\pgf@sys@id@count=\count292

(C:\Users\Asus\AppData\Local\Programs\MiKTeX\tex/generic/pgf/systemlayer\pgf.cf
g
File: pgf.cfg 2023-01-15 v3.1.10 (3.1.10)
)
Driver file for pgf: pgfsys-pdftex.def

(C:\Users\Asus\AppData\Local\Programs\MiKTeX\tex/generic/pgf/systemlayer\pgfsys
-pdftex.def
File: pgfsys-pdftex.def 2023-01-15 v3.1.10 (3.1.10)

(C:\Users\Asus\AppData\Local\Programs\MiKTeX\tex/generic/pgf/systemlayer\pgfsys
-common-pdf.def
File: pgfsys-common-pdf.def 2023-01-15 v3.1.10 (3.1.10)
)))
(C:\Users\Asus\AppData\Local\Programs\MiKTeX\tex/generic/pgf/systemlayer\pgfsys
softpath.code.tex
File: pgfsyssoftpath.code.tex 2023-01-15 v3.1.10 (3.1.10)
\pgfsyssoftpath@smallbuffer@items=\count293
\pgfsyssoftpath@bigbuffer@items=\count294
)
(C:\Users\Asus\AppData\Local\Programs\MiKTeX\tex/generic/pgf/systemlayer\pgfsys
protocol.code.tex
File: pgfsysprotocol.code.tex 2023-01-15 v3.1.10 (3.1.10)
))
(C:\Users\Asus\AppData\Local\Programs\MiKTeX\tex/latex/xcolor\xcolor.sty
Package: xcolor 2023/11/15 v3.01 LaTeX color extensions (UK)

(C:\Users\Asus\AppData\Local\Programs\MiKTeX\tex/latex/graphics-cfg\color.cfg
File: color.cfg 2016/01/02 v1.6 sample color configuration
)
Package xcolor Info: Driver file: pdftex.def on input line 274.

(C:\Users\Asus\AppData\Local\Programs\MiKTeX\tex/latex/graphics\mathcolor.ltx)
Package xcolor Info: Model `cmy' substituted by `cmy0' on input line 1350.
Package xcolor Info: Model `hsb' substituted by `rgb' on input line 1354.
Package xcolor Info: Model `RGB' extended on input line 1366.
Package xcolor Info: Model `HTML' substituted by `rgb' on input line 1368.
Package xcolor Info: Model `Hsb' substituted by `hsb' on input line 1369.
Package xcolor Info: Model `tHsb' substituted by `hsb' on input line 1370.
Package xcolor Info: Model `HSB' substituted by `hsb' on input line 1371.
Package xcolor Info: Model `Gray' substituted by `gray' on input line 1372.
Package xcolor Info: Model `wave' substituted by `hsb' on input line 1373.
)
(C:\Users\Asus\AppData\Local\Programs\MiKTeX\tex/generic/pgf/basiclayer\pgfcore
.code.tex
Package: pgfcore 2023-01-15 v3.1.10 (3.1.10)

(C:\Users\Asus\AppData\Local\Programs\MiKTeX\tex/generic/pgf/math\pgfint.code.t
ex)
(C:\Users\Asus\AppData\Local\Programs\MiKTeX\tex/generic/pgf/basiclayer\pgfcore
points.code.tex
File: pgfcorepoints.code.tex 2023-01-15 v3.1.10 (3.1.10)
\pgf@picminx=\dimen187
\pgf@picmaxx=\dimen188
\pgf@picminy=\dimen189
\pgf@picmaxy=\dimen190
\pgf@pathminx=\dimen191
\pgf@pathmaxx=\dimen192
\pgf@pathminy=\dimen193
\pgf@pathmaxy=\dimen194
\pgf@xx=\dimen195
\pgf@xy=\dimen196
\pgf@yx=\dimen197
\pgf@yy=\dimen198
\pgf@zx=\dimen199
\pgf@zy=\dimen256
)
(C:\Users\Asus\AppData\Local\Programs\MiKTeX\tex/generic/pgf/basiclayer\pgfcore
pathconstruct.code.tex
File: pgfcorepathconstruct.code.tex 2023-01-15 v3.1.10 (3.1.10)
\pgf@path@lastx=\dimen257
\pgf@path@lasty=\dimen258
)
(C:\Users\Asus\AppData\Local\Programs\MiKTeX\tex/generic/pgf/basiclayer\pgfcore
pathusage.code.tex
File: pgfcorepathusage.code.tex 2023-01-15 v3.1.10 (3.1.10)
\pgf@shorten@end@additional=\dimen259
\pgf@shorten@start@additional=\dimen260
)
(C:\Users\Asus\AppData\Local\Programs\MiKTeX\tex/generic/pgf/basiclayer\pgfcore
scopes.code.tex
File: pgfcorescopes.code.tex 2023-01-15 v3.1.10 (3.1.10)
\pgfpic=\box62
\pgf@hbox=\box63
\pgf@layerbox@main=\box64
\pgf@picture@serial@count=\count295
)
(C:\Users\Asus\AppData\Local\Programs\MiKTeX\tex/generic/pgf/basiclayer\pgfcore
graphicstate.code.tex
File: pgfcoregraphicstate.code.tex 2023-01-15 v3.1.10 (3.1.10)
\pgflinewidth=\dimen261
)
(C:\Users\Asus\AppData\Local\Programs\MiKTeX\tex/generic/pgf/basiclayer\pgfcore
transformations.code.tex
File: pgfcoretransformations.code.tex 2023-01-15 v3.1.10 (3.1.10)
\pgf@pt@x=\dimen262
\pgf@pt@y=\dimen263
\pgf@pt@temp=\dimen264
)
(C:\Users\Asus\AppData\Local\Programs\MiKTeX\tex/generic/pgf/basiclayer\pgfcore
quick.code.tex
File: pgfcorequick.code.tex 2023-01-15 v3.1.10 (3.1.10)
)
(C:\Users\Asus\AppData\Local\Programs\MiKTeX\tex/generic/pgf/basiclayer\pgfcore
objects.code.tex
File: pgfcoreobjects.code.tex 2023-01-15 v3.1.10 (3.1.10)
)
(C:\Users\Asus\AppData\Local\Programs\MiKTeX\tex/generic/pgf/basiclayer\pgfcore
pathprocessing.code.tex
File: pgfcorepathprocessing.code.tex 2023-01-15 v3.1.10 (3.1.10)
)
(C:\Users\Asus\AppData\Local\Programs\MiKTeX\tex/generic/pgf/basiclayer\pgfcore
arrows.code.tex
File: pgfcorearrows.code.tex 2023-01-15 v3.1.10 (3.1.10)
\pgfarrowsep=\dimen265
)
(C:\Users\Asus\AppData\Local\Programs\MiKTeX\tex/generic/pgf/basiclayer\pgfcore
shade.code.tex
File: pgfcoreshade.code.tex 2023-01-15 v3.1.10 (3.1.10)
\pgf@max=\dimen266
\pgf@sys@shading@range@num=\count296
\pgf@shadingcount=\count297
)
(C:\Users\Asus\AppData\Local\Programs\MiKTeX\tex/generic/pgf/basiclayer\pgfcore
image.code.tex
File: pgfcoreimage.code.tex 2023-01-15 v3.1.10 (3.1.10)
)
(C:\Users\Asus\AppData\Local\Programs\MiKTeX\tex/generic/pgf/basiclayer\pgfcore
external.code.tex
File: pgfcoreexternal.code.tex 2023-01-15 v3.1.10 (3.1.10)
\pgfexternal@startupbox=\box65
)
(C:\Users\Asus\AppData\Local\Programs\MiKTeX\tex/generic/pgf/basiclayer\pgfcore
layers.code.tex
File: pgfcorelayers.code.tex 2023-01-15 v3.1.10 (3.1.10)
)
(C:\Users\Asus\AppData\Local\Programs\MiKTeX\tex/generic/pgf/basiclayer\pgfcore
transparency.code.tex
File: pgfcoretransparency.code.tex 2023-01-15 v3.1.10 (3.1.10)
)
(C:\Users\Asus\AppData\Local\Programs\MiKTeX\tex/generic/pgf/basiclayer\pgfcore
patterns.code.tex
File: pgfcorepatterns.code.tex 2023-01-15 v3.1.10 (3.1.10)
)
(C:\Users\Asus\AppData\Local\Programs\MiKTeX\tex/generic/pgf/basiclayer\pgfcore
rdf.code.tex
File: pgfcorerdf.code.tex 2023-01-15 v3.1.10 (3.1.10)
)))
(C:\Users\Asus\AppData\Local\Programs\MiKTeX\tex/latex/pgf/utilities\xxcolor.st
y
Package: xxcolor 2003/10/24 ver 0.1
\XC@nummixins=\count298
\XC@countmixins=\count299
) (C:\Users\Asus\AppData\Local\Programs\MiKTeX\tex/latex/base\atbegshi-ltx.sty
Package: atbegshi-ltx 2021/01/10 v1.0c Emulation of the original atbegshi
package with kernel methods
) (C:\Users\Asus\AppData\Local\Programs\MiKTeX\tex/latex/hyperref\hyperref.sty
Package: hyperref 2023-11-26 v7.01g Hypertext links for LaTeX

(C:\Users\Asus\AppData\Local\Programs\MiKTeX\tex/generic/infwarerr\infwarerr.st
y
Package: infwarerr 2019/12/03 v1.5 Providing info/warning/error messages (HO)
)
(C:\Users\Asus\AppData\Local\Programs\MiKTeX\tex/latex/kvsetkeys\kvsetkeys.sty
Package: kvsetkeys 2022-10-05 v1.19 Key value parser (HO)
)
(C:\Users\Asus\AppData\Local\Programs\MiKTeX\tex/generic/kvdefinekeys\kvdefinek
eys.sty
Package: kvdefinekeys 2019-12-19 v1.6 Define keys (HO)
)
(C:\Users\Asus\AppData\Local\Programs\MiKTeX\tex/generic/pdfescape\pdfescape.st
y
Package: pdfescape 2019/12/09 v1.15 Implements pdfTeX's escape features (HO)
 (C:\Users\Asus\AppData\Local\Programs\MiKTeX\tex/generic/ltxcmds\ltxcmds.sty
Package: ltxcmds 2023-12-04 v1.26 LaTeX kernel commands for general use (HO)
)
(C:\Users\Asus\AppData\Local\Programs\MiKTeX\tex/generic/pdftexcmds\pdftexcmds.
sty
Package: pdftexcmds 2020-06-27 v0.33 Utility functions of pdfTeX for LuaTeX (HO
)
Package pdftexcmds Info: \pdf@primitive is available.
Package pdftexcmds Info: \pdf@ifprimitive is available.
Package pdftexcmds Info: \pdfdraftmode found.
))
(C:\Users\Asus\AppData\Local\Programs\MiKTeX\tex/latex/hycolor\hycolor.sty
Package: hycolor 2020-01-27 v1.10 Color options for hyperref/bookmark (HO)
)
(C:\Users\Asus\AppData\Local\Programs\MiKTeX\tex/latex/letltxmacro\letltxmacro.
sty
Package: letltxmacro 2019/12/03 v1.6 Let assignment for LaTeX macros (HO)
) (C:\Users\Asus\AppData\Local\Programs\MiKTeX\tex/latex/auxhook\auxhook.sty
Package: auxhook 2019-12-17 v1.6 Hooks for auxiliary files (HO)
) (C:\Users\Asus\AppData\Local\Programs\MiKTeX\tex/latex/hyperref\nameref.sty
Package: nameref 2023-11-26 v2.56 Cross-referencing by name of section

(C:\Users\Asus\AppData\Local\Programs\MiKTeX\tex/latex/refcount\refcount.sty
Package: refcount 2019/12/15 v3.6 Data extraction from label references (HO)
)
(C:\Users\Asus\AppData\Local\Programs\MiKTeX\tex/generic/gettitlestring\gettitl
estring.sty
Package: gettitlestring 2019/12/15 v1.6 Cleanup title references (HO)

(C:\Users\Asus\AppData\Local\Programs\MiKTeX\tex/latex/kvoptions\kvoptions.sty
Package: kvoptions 2022-06-15 v3.15 Key value format for package options (HO)
))
\c@section@level=\count300
)
\@linkdim=\dimen267
\Hy@linkcounter=\count301
\Hy@pagecounter=\count302
 (C:\Users\Asus\AppData\Local\Programs\MiKTeX\tex/latex/hyperref\pd1enc.def
File: pd1enc.def 2023-11-26 v7.01g Hyperref: PDFDocEncoding definition (HO)
Now handling font encoding PD1 ...
... no UTF-8 mapping file for font encoding PD1
)
(C:\Users\Asus\AppData\Local\Programs\MiKTeX\tex/generic/intcalc\intcalc.sty
Package: intcalc 2019/12/15 v1.3 Expandable calculations with integers (HO)
)
\Hy@SavedSpaceFactor=\count303

(C:\Users\Asus\AppData\Local\Programs\MiKTeX\tex/latex/hyperref\puenc.def
File: puenc.def 2023-11-26 v7.01g Hyperref: PDF Unicode definition (HO)
Now handling font encoding PU ...
... no UTF-8 mapping file for font encoding PU
)
Package hyperref Info: Option `bookmarks' set `true' on input line 4064.
Package hyperref Info: Option `bookmarksopen' set `true' on input line 4064.
Package hyperref Info: Option `implicit' set `false' on input line 4064.
Package hyperref Info: Hyper figures OFF on input line 4181.
Package hyperref Info: Link nesting OFF on input line 4186.
Package hyperref Info: Hyper index ON on input line 4189.
Package hyperref Info: Plain pages OFF on input line 4196.
Package hyperref Info: Backreferencing OFF on input line 4201.
Package hyperref Info: Implicit mode OFF; no redefinition of LaTeX internals.
Package hyperref Info: Bookmarks ON on input line 4448.
\c@Hy@tempcnt=\count304

(C:\Users\Asus\AppData\Local\Programs\MiKTeX\tex/latex/url\url.sty
\Urlmuskip=\muskip16
Package: url 2013/09/16  ver 3.4  Verb mode for urls, etc.
)
LaTeX Info: Redefining \url on input line 4786.
\XeTeXLinkMargin=\dimen268

(C:\Users\Asus\AppData\Local\Programs\MiKTeX\tex/generic/bitset\bitset.sty
Package: bitset 2019/12/09 v1.3 Handle bit-vector datatype (HO)

(C:\Users\Asus\AppData\Local\Programs\MiKTeX\tex/generic/bigintcalc\bigintcalc.
sty
Package: bigintcalc 2019/12/15 v1.5 Expandable calculations on big integers (HO
)
))
\Fld@menulength=\count305
\Field@Width=\dimen269
\Fld@charsize=\dimen270
Package hyperref Info: Hyper figures OFF on input line 6065.
Package hyperref Info: Link nesting OFF on input line 6070.
Package hyperref Info: Hyper index ON on input line 6073.
Package hyperref Info: backreferencing OFF on input line 6080.
Package hyperref Info: Link coloring OFF on input line 6085.
Package hyperref Info: Link coloring with OCG OFF on input line 6090.
Package hyperref Info: PDF/A mode OFF on input line 6095.
\Hy@abspage=\count306


Package hyperref Message: Stopped early.

)
Package hyperref Info: Driver (autodetected): hpdftex.
 (C:\Users\Asus\AppData\Local\Programs\MiKTeX\tex/latex/hyperref\hpdftex.def
File: hpdftex.def 2023-11-26 v7.01g Hyperref driver for pdfTeX

(C:\Users\Asus\AppData\Local\Programs\MiKTeX\tex/latex/base\atveryend-ltx.sty
Package: atveryend-ltx 2020/08/19 v1.0a Emulation of the original atveryend pac
kage
with kernel methods
)
\Fld@listcount=\count307
\c@bookmark@seq@number=\count308

(C:\Users\Asus\AppData\Local\Programs\MiKTeX\tex/latex/rerunfilecheck\rerunfile
check.sty
Package: rerunfilecheck 2022-07-10 v1.10 Rerun checks for auxiliary files (HO)

(C:\Users\Asus\AppData\Local\Programs\MiKTeX\tex/generic/uniquecounter\uniqueco
unter.sty
Package: uniquecounter 2019/12/15 v1.4 Provide unlimited unique counter (HO)
)
Package uniquecounter Info: New unique counter `rerunfilecheck' on input line 2
85.
))
(C:\Users\Asus\AppData\Local\Programs\MiKTeX\tex/latex/beamer\beamerbaserequire
s.sty
(C:\Users\Asus\AppData\Local\Programs\MiKTeX\tex/latex/beamer\beamerbasecompati
bility.sty)
(C:\Users\Asus\AppData\Local\Programs\MiKTeX\tex/latex/beamer\beamerbasefont.st
y (C:\Users\Asus\AppData\Local\Programs\MiKTeX\tex/latex/amsfonts\amssymb.sty
Package: amssymb 2013/01/14 v3.01 AMS font symbols

(C:\Users\Asus\AppData\Local\Programs\MiKTeX\tex/latex/amsfonts\amsfonts.sty
Package: amsfonts 2013/01/14 v3.01 Basic AMSFonts support
\@emptytoks=\toks29
\symAMSa=\mathgroup4
\symAMSb=\mathgroup5
LaTeX Font Info:    Redeclaring math symbol \hbar on input line 98.
LaTeX Font Info:    Overwriting math alphabet `\mathfrak' in version `bold'
(Font)                  U/euf/m/n --> U/euf/b/n on input line 106.
)))
(C:\Users\Asus\AppData\Local\Programs\MiKTeX\tex/latex/beamer\beamerbasetransla
tor.sty
(C:\Users\Asus\AppData\Local\Programs\MiKTeX\tex/latex/translator\translator.st
y
Package: translator 2021-05-31 v1.12d Easy translation of strings in LaTeX
))
(C:\Users\Asus\AppData\Local\Programs\MiKTeX\tex/latex/beamer\beamerbasemisc.st
y)
(C:\Users\Asus\AppData\Local\Programs\MiKTeX\tex/latex/beamer\beamerbasetwoscre
ens.sty)
(C:\Users\Asus\AppData\Local\Programs\MiKTeX\tex/latex/beamer\beamerbaseoverlay
.sty
\beamer@argscount=\count309
\beamer@lastskipcover=\skip51
\beamer@trivlistdepth=\count310
)
(C:\Users\Asus\AppData\Local\Programs\MiKTeX\tex/latex/beamer\beamerbasetitle.s
ty)
(C:\Users\Asus\AppData\Local\Programs\MiKTeX\tex/latex/beamer\beamerbasesection
.sty
\c@lecture=\count311
\c@part=\count312
\c@section=\count313
\c@subsection=\count314
\c@subsubsection=\count315
)
(C:\Users\Asus\AppData\Local\Programs\MiKTeX\tex/latex/beamer\beamerbaseframe.s
ty
\beamer@framebox=\box66
\beamer@frametitlebox=\box67
\beamer@zoombox=\box68
\beamer@zoomcount=\count316
\beamer@zoomframecount=\count317
\beamer@frametextheight=\dimen271
\c@subsectionslide=\count318
\beamer@frametopskip=\skip52
\beamer@framebottomskip=\skip53
\beamer@frametopskipautobreak=\skip54
\beamer@framebottomskipautobreak=\skip55
\beamer@envbody=\toks30
\framewidth=\dimen272
\c@framenumber=\count319
)
(C:\Users\Asus\AppData\Local\Programs\MiKTeX\tex/latex/beamer\beamerbaseverbati
m.sty
\beamer@verbatimfileout=\write4
)
(C:\Users\Asus\AppData\Local\Programs\MiKTeX\tex/latex/beamer\beamerbaseframesi
ze.sty
\beamer@splitbox=\box69
\beamer@autobreakcount=\count320
\beamer@autobreaklastheight=\dimen273
\beamer@frametitletoks=\toks31
\beamer@framesubtitletoks=\toks32
)
(C:\Users\Asus\AppData\Local\Programs\MiKTeX\tex/latex/beamer\beamerbaseframeco
mponents.sty
\beamer@footins=\box70
)
(C:\Users\Asus\AppData\Local\Programs\MiKTeX\tex/latex/beamer\beamerbasecolor.s
ty)
(C:\Users\Asus\AppData\Local\Programs\MiKTeX\tex/latex/beamer\beamerbasenotes.s
ty
\beamer@frameboxcopy=\box71
)
(C:\Users\Asus\AppData\Local\Programs\MiKTeX\tex/latex/beamer\beamerbasetoc.sty
)
(C:\Users\Asus\AppData\Local\Programs\MiKTeX\tex/latex/beamer\beamerbasetemplat
es.sty
\beamer@sbttoks=\toks33

(C:\Users\Asus\AppData\Local\Programs\MiKTeX\tex/latex/beamer\beamerbaseauxtemp
lates.sty
(C:\Users\Asus\AppData\Local\Programs\MiKTeX\tex/latex/beamer\beamerbaseboxes.s
ty
\bmb@box=\box72
\bmb@colorbox=\box73
\bmb@boxwidth=\dimen274
\bmb@boxheight=\dimen275
\bmb@prevheight=\dimen276
\bmb@temp=\dimen277
\bmb@dima=\dimen278
\bmb@dimb=\dimen279
\bmb@prevheight=\dimen280
)
\beamer@blockheadheight=\dimen281
))
(C:\Users\Asus\AppData\Local\Programs\MiKTeX\tex/latex/beamer\beamerbaselocalst
ructure.sty
(C:\Users\Asus\AppData\Local\Programs\MiKTeX\tex/latex/tools\enumerate.sty
Package: enumerate 2023/07/04 v3.00 enumerate extensions (DPC)
\@enLab=\toks34
)
\beamer@bibiconwidth=\skip56
\c@figure=\count321
\c@table=\count322
\abovecaptionskip=\skip57
\belowcaptionskip=\skip58
)
(C:\Users\Asus\AppData\Local\Programs\MiKTeX\tex/latex/beamer\beamerbasenavigat
ion.sty
(C:\Users\Asus\AppData\Local\Programs\MiKTeX\tex/latex/beamer\beamerbasenavigat
ionsymbols.tex)
\beamer@section@min@dim=\dimen282
)
(C:\Users\Asus\AppData\Local\Programs\MiKTeX\tex/latex/beamer\beamerbasetheorem
s.sty
(C:\Users\Asus\AppData\Local\Programs\MiKTeX\tex/latex/amsmath\amsmath.sty
Package: amsmath 2023/05/13 v2.17o AMS math features
\@mathmargin=\skip59

For additional information on amsmath, use the `?' option.
(C:\Users\Asus\AppData\Local\Programs\MiKTeX\tex/latex/amsmath\amstext.sty
Package: amstext 2021/08/26 v2.01 AMS text

(C:\Users\Asus\AppData\Local\Programs\MiKTeX\tex/latex/amsmath\amsgen.sty
File: amsgen.sty 1999/11/30 v2.0 generic functions
\@emptytoks=\toks35
\ex@=\dimen283
))
(C:\Users\Asus\AppData\Local\Programs\MiKTeX\tex/latex/amsmath\amsbsy.sty
Package: amsbsy 1999/11/29 v1.2d Bold Symbols
\pmbraise@=\dimen284
)
(C:\Users\Asus\AppData\Local\Programs\MiKTeX\tex/latex/amsmath\amsopn.sty
Package: amsopn 2022/04/08 v2.04 operator names
)
\inf@bad=\count323
LaTeX Info: Redefining \frac on input line 234.
\uproot@=\count324
\leftroot@=\count325
LaTeX Info: Redefining \overline on input line 399.
LaTeX Info: Redefining \colon on input line 410.
\classnum@=\count326
\DOTSCASE@=\count327
LaTeX Info: Redefining \ldots on input line 496.
LaTeX Info: Redefining \dots on input line 499.
LaTeX Info: Redefining \cdots on input line 620.
\Mathstrutbox@=\box74
\strutbox@=\box75
LaTeX Info: Redefining \big on input line 722.
LaTeX Info: Redefining \Big on input line 723.
LaTeX Info: Redefining \bigg on input line 724.
LaTeX Info: Redefining \Bigg on input line 725.
\big@size=\dimen285
LaTeX Font Info:    Redeclaring font encoding OML on input line 743.
LaTeX Font Info:    Redeclaring font encoding OMS on input line 744.
\macc@depth=\count328
LaTeX Info: Redefining \bmod on input line 905.
LaTeX Info: Redefining \pmod on input line 910.
LaTeX Info: Redefining \smash on input line 940.
LaTeX Info: Redefining \relbar on input line 970.
LaTeX Info: Redefining \Relbar on input line 971.
\c@MaxMatrixCols=\count329
\dotsspace@=\muskip17
\c@parentequation=\count330
\dspbrk@lvl=\count331
\tag@help=\toks36
\row@=\count332
\column@=\count333
\maxfields@=\count334
\andhelp@=\toks37
\eqnshift@=\dimen286
\alignsep@=\dimen287
\tagshift@=\dimen288
\tagwidth@=\dimen289
\totwidth@=\dimen290
\lineht@=\dimen291
\@envbody=\toks38
\multlinegap=\skip60
\multlinetaggap=\skip61
\mathdisplay@stack=\toks39
LaTeX Info: Redefining \[ on input line 2953.
LaTeX Info: Redefining \] on input line 2954.
)
(C:\Users\Asus\AppData\Local\Programs\MiKTeX\tex/latex/amscls\amsthm.sty
Package: amsthm 2020/05/29 v2.20.6
\thm@style=\toks40
\thm@bodyfont=\toks41
\thm@headfont=\toks42
\thm@notefont=\toks43
\thm@headpunct=\toks44
\thm@preskip=\skip62
\thm@postskip=\skip63
\thm@headsep=\skip64
\dth@everypar=\toks45
)
\c@theorem=\count335
)
(C:\Users\Asus\AppData\Local\Programs\MiKTeX\tex/latex/beamer\beamerbasethemes.
sty))
(C:\Users\Asus\AppData\Local\Programs\MiKTeX\tex/latex/beamer\beamerthemedefaul
t.sty
(C:\Users\Asus\AppData\Local\Programs\MiKTeX\tex/latex/beamer\beamerfontthemede
fault.sty)
(C:\Users\Asus\AppData\Local\Programs\MiKTeX\tex/latex/beamer\beamercolorthemed
efault.sty)
(C:\Users\Asus\AppData\Local\Programs\MiKTeX\tex/latex/beamer\beamerinnerthemed
efault.sty
\beamer@dima=\dimen292
\beamer@dimb=\dimen293
)
(C:\Users\Asus\AppData\Local\Programs\MiKTeX\tex/latex/beamer\beamerouterthemed
efault.sty)))
(C:\Users\Asus\AppData\Local\Programs\MiKTeX\tex/latex/base\fontenc.sty
Package: fontenc 2021/04/29 v2.0v Standard LaTeX package
)
(C:\Users\Asus\AppData\Local\Programs\MiKTeX\tex/latex/fourier\fourier.sty
Package: fourier 2024/09/08 2.4 fourier-GUTenberg package
Now handling font encoding FML ...
... no UTF-8 mapping file for font encoding FML
Now handling font encoding FMS ...
... no UTF-8 mapping file for font encoding FMS
Now handling font encoding FMX ...
... no UTF-8 mapping file for font encoding FMX

(C:\Users\Asus\AppData\Local\Programs\MiKTeX\tex/latex/base\fontenc.sty
Package: fontenc 2021/04/29 v2.0v Standard LaTeX package
LaTeX Font Info:    Trying to load font information for T1+futs on input line 1
12.

(C:\Users\Asus\AppData\Local\Programs\MiKTeX\tex/latex/fourier\t1futs.fd
File: t1futs.fd 2004/03/02 Fontinst v1.926 font definitions for T1/futs.
))
(C:\Users\Asus\AppData\Local\Programs\MiKTeX\tex/latex/base\textcomp.sty
Package: textcomp 2020/02/02 v2.0n Standard LaTeX package
)
(C:\Users\Asus\AppData\Local\Programs\MiKTeX\tex/latex/fourier\fourier-orns.sty
Package: fourier-orns 2024/09/08 2.4 fourier-ornaments package
)
LaTeX Font Info:    Redeclaring symbol font `operators' on input line 64.
LaTeX Font Info:    Encoding `OT1' has changed to `T1' for symbol font
(Font)              `operators' in the math version `normal' on input line 64.
LaTeX Font Info:    Overwriting symbol font `operators' in version `normal'
(Font)                  OT1/cmr/m/n --> T1/futs/m/n on input line 64.
LaTeX Font Info:    Encoding `OT1' has changed to `T1' for symbol font
(Font)              `operators' in the math version `bold' on input line 64.
LaTeX Font Info:    Overwriting symbol font `operators' in version `bold'
(Font)                  OT1/cmr/bx/n --> T1/futs/m/n on input line 64.
LaTeX Font Info:    Overwriting symbol font `operators' in version `bold'
(Font)                  T1/futs/m/n --> T1/futs/b/n on input line 65.
LaTeX Font Info:    Redeclaring symbol font `letters' on input line 73.
LaTeX Font Info:    Encoding `OML' has changed to `FML' for symbol font
(Font)              `letters' in the math version `normal' on input line 73.
LaTeX Font Info:    Overwriting symbol font `letters' in version `normal'
(Font)                  OML/cmm/m/it --> FML/futmi/m/it on input line 73.
LaTeX Font Info:    Encoding `OML' has changed to `FML' for symbol font
(Font)              `letters' in the math version `bold' on input line 73.
LaTeX Font Info:    Overwriting symbol font `letters' in version `bold'
(Font)                  OML/cmm/b/it --> FML/futmi/m/it on input line 73.
\symotherletters=\mathgroup6
LaTeX Font Info:    Overwriting symbol font `letters' in version `bold'
(Font)                  FML/futmi/m/it --> FML/futmi/b/it on input line 75.
LaTeX Font Info:    Overwriting symbol font `otherletters' in version `bold'
(Font)                  FML/futm/m/it --> FML/futm/b/it on input line 76.
LaTeX Font Info:    Redeclaring math symbol \Gamma on input line 77.
LaTeX Font Info:    Redeclaring math symbol \Delta on input line 78.
LaTeX Font Info:    Redeclaring math symbol \Theta on input line 79.
LaTeX Font Info:    Redeclaring math symbol \Lambda on input line 80.
LaTeX Font Info:    Redeclaring math symbol \Xi on input line 81.
LaTeX Font Info:    Redeclaring math symbol \Pi on input line 82.
LaTeX Font Info:    Redeclaring math symbol \Sigma on input line 83.
LaTeX Font Info:    Redeclaring math symbol \Upsilon on input line 84.
LaTeX Font Info:    Redeclaring math symbol \Phi on input line 85.
LaTeX Font Info:    Redeclaring math symbol \Psi on input line 86.
LaTeX Font Info:    Redeclaring math symbol \Omega on input line 87.
LaTeX Font Info:    Redeclaring symbol font `symbols' on input line 127.
LaTeX Font Info:    Encoding `OMS' has changed to `FMS' for symbol font
(Font)              `symbols' in the math version `normal' on input line 127.
LaTeX Font Info:    Overwriting symbol font `symbols' in version `normal'
(Font)                  OMS/cmsy/m/n --> FMS/futm/m/n on input line 127.
LaTeX Font Info:    Encoding `OMS' has changed to `FMS' for symbol font
(Font)              `symbols' in the math version `bold' on input line 127.
LaTeX Font Info:    Overwriting symbol font `symbols' in version `bold'
(Font)                  OMS/cmsy/b/n --> FMS/futm/m/n on input line 127.
LaTeX Font Info:    Redeclaring symbol font `largesymbols' on input line 128.
LaTeX Font Info:    Encoding `OMX' has changed to `FMX' for symbol font
(Font)              `largesymbols' in the math version `normal' on input line 1
28.
LaTeX Font Info:    Overwriting symbol font `largesymbols' in version `normal'
(Font)                  OMX/cmex/m/n --> FMX/futm/m/n on input line 128.
LaTeX Font Info:    Encoding `OMX' has changed to `FMX' for symbol font
(Font)              `largesymbols' in the math version `bold' on input line 128
.
LaTeX Font Info:    Overwriting symbol font `largesymbols' in version `bold'
(Font)                  OMX/cmex/m/n --> FMX/futm/m/n on input line 128.
LaTeX Font Info:    Redeclaring math alphabet \mathbf on input line 129.
LaTeX Font Info:    Overwriting math alphabet `\mathbf' in version `normal'
(Font)                  OT1/cmr/bx/n --> T1/futs/bx/n on input line 129.
LaTeX Font Info:    Overwriting math alphabet `\mathbf' in version `bold'
(Font)                  OT1/cmr/bx/n --> T1/futs/bx/n on input line 129.
LaTeX Font Info:    Redeclaring math alphabet \mathrm on input line 130.
LaTeX Font Info:    Redeclaring math alphabet \mathit on input line 131.
LaTeX Font Info:    Overwriting math alphabet `\mathit' in version `normal'
(Font)                  OT1/cmr/m/it --> T1/futs/m/it on input line 131.
LaTeX Font Info:    Overwriting math alphabet `\mathit' in version `bold'
(Font)                  OT1/cmr/bx/it --> T1/futs/m/it on input line 131.
LaTeX Font Info:    Redeclaring math alphabet \mathcal on input line 132.
LaTeX Font Info:    Redeclaring math symbol \varkappa on input line 133.
LaTeX Font Info:    Redeclaring math symbol \leqslant on input line 139.
LaTeX Font Info:    Redeclaring math symbol \geqslant on input line 140.
LaTeX Font Info:    Redeclaring math symbol \vDash on input line 143.
LaTeX Font Info:    Redeclaring math symbol \blacktriangleleft on input line 14
4.
LaTeX Font Info:    Redeclaring math symbol \blacktriangleright on input line 1
45.
LaTeX Font Info:    Redeclaring math symbol \nleqslant on input line 146.
LaTeX Font Info:    Redeclaring math symbol \ngeqslant on input line 147.
LaTeX Font Info:    Redeclaring math symbol \parallel on input line 148.
LaTeX Font Info:    Redeclaring math symbol \nparallel on input line 149.
LaTeX Font Info:    Redeclaring math symbol \nvDash on input line 151.
LaTeX Font Info:    Redeclaring math symbol \intercal on input line 152.
LaTeX Font Info:    Redeclaring math symbol \hslash on input line 153.
LaTeX Font Info:    Redeclaring math symbol \nexists on input line 154.
LaTeX Font Info:    Redeclaring math symbol \complement on input line 155.
LaTeX Font Info:    Redeclaring math symbol \varsubsetneq on input line 156.
LaTeX Font Info:    Redeclaring math symbol \hbar on input line 162.
LaTeX Font Info:    Redeclaring math symbol \smallsetminus on input line 163.
LaTeX Font Info:    Redeclaring math symbol \subsetneqq on input line 164.
LaTeX Font Info:    Redeclaring math symbol \rightrightarrows on input line 165
.
LaTeX Font Info:    Redeclaring math symbol \leftleftarrows on input line 166.
LaTeX Font Info:    Redeclaring math symbol \square on input line 167.
LaTeX Font Info:    Redeclaring math symbol \curvearrowleft on input line 168.
LaTeX Font Info:    Redeclaring math symbol \curvearrowright on input line 169.

LaTeX Font Info:    Redeclaring math symbol \blacksquare on input line 170.
LaTeX Font Info:    Redeclaring math symbol \varkappa on input line 200.
LaTeX Font Info:    Redeclaring math symbol \varvarrho on input line 201.
LaTeX Font Info:    Redeclaring math delimiter \Vert on input line 224.
LaTeX Font Info:    Redeclaring math delimiter \vert on input line 229.
LaTeX Font Info:    Redeclaring math delimiter \lvert on input line 231.
LaTeX Font Info:    Redeclaring math delimiter \rvert on input line 233.
LaTeX Font Info:    Redeclaring math delimiter \lVert on input line 235.
LaTeX Font Info:    Redeclaring math delimiter \rVert on input line 237.
LaTeX Font Info:    Redeclaring math delimiter \Downarrow on input line 239.
LaTeX Font Info:    Redeclaring math delimiter \backslash on input line 241.
LaTeX Font Info:    Redeclaring math delimiter \rangle on input line 243.
LaTeX Font Info:    Redeclaring math delimiter \langle on input line 245.
LaTeX Font Info:    Redeclaring math delimiter \rbrace on input line 247.
LaTeX Font Info:    Redeclaring math delimiter \lbrace on input line 249.
LaTeX Font Info:    Redeclaring math delimiter \rceil on input line 251.
LaTeX Font Info:    Redeclaring math delimiter \lceil on input line 253.
LaTeX Font Info:    Redeclaring math delimiter \rfloor on input line 255.
LaTeX Font Info:    Redeclaring math delimiter \lfloor on input line 257.
LaTeX Font Info:    Redeclaring math accent \acute on input line 261.
LaTeX Font Info:    Redeclaring math accent \grave on input line 262.
LaTeX Font Info:    Redeclaring math accent \ddot on input line 263.
LaTeX Font Info:    Redeclaring math accent \tilde on input line 264.
LaTeX Font Info:    Redeclaring math accent \bar on input line 265.
LaTeX Font Info:    Redeclaring math accent \breve on input line 266.
LaTeX Font Info:    Redeclaring math accent \check on input line 267.
LaTeX Font Info:    Redeclaring math accent \hat on input line 268.
LaTeX Font Info:    Redeclaring math accent \dot on input line 269.
LaTeX Font Info:    Redeclaring math accent \mathring on input line 270.
\symUfutm=\mathgroup7
) (C:\Users\Asus\AppData\Local\Programs\MiKTeX\tex/latex/base\latexsym.sty
Package: latexsym 1998/08/17 v2.2e Standard LaTeX package (lasy symbols)
\symlasy=\mathgroup8
LaTeX Font Info:    Overwriting symbol font `lasy' in version `bold'
(Font)                  U/lasy/m/n --> U/lasy/b/n on input line 52.
)
(C:\Users\Asus\AppData\Local\Programs\MiKTeX\tex/latex/tools\multicol.sty
Package: multicol 2023/03/30 v1.9f multicolumn formatting (FMi)
\c@tracingmulticols=\count336
\mult@box=\box76
\multicol@leftmargin=\dimen294
\c@unbalance=\count337
\c@collectmore=\count338
\doublecol@number=\count339
\multicoltolerance=\count340
\multicolpretolerance=\count341
\full@width=\dimen295
\page@free=\dimen296
\premulticols=\dimen297
\postmulticols=\dimen298
\multicolsep=\skip65
\multicolbaselineskip=\skip66
\partial@page=\box77
\last@line=\box78
\mc@boxedresult=\box79
\maxbalancingoverflow=\dimen299
\mult@rightbox=\box80
\mult@grightbox=\box81
\mult@firstbox=\box82
\mult@gfirstbox=\box83
\@tempa=\box84
\@tempa=\box85
\@tempa=\box86
\@tempa=\box87
\@tempa=\box88
\@tempa=\box89
\@tempa=\box90
\@tempa=\box91
\@tempa=\box92
\@tempa=\box93
\@tempa=\box94
\@tempa=\box95
\@tempa=\box96
\@tempa=\box97
\@tempa=\box98
\@tempa=\box99
\@tempa=\box100
\@tempa=\box101
\@tempa=\box102
\@tempa=\box103
\@tempa=\box104
\@tempa=\box105
\@tempa=\box106
\@tempa=\box107
\@tempa=\box108
\@tempa=\box109
\@tempa=\box110
\@tempa=\box111
\@tempa=\box112
\@tempa=\box113
\@tempa=\box114
\@tempa=\box115
\@tempa=\box116
\@tempa=\box117
\@tempa=\box118
\@tempa=\box119
\c@minrows=\count342
\c@columnbadness=\count343
\c@finalcolumnbadness=\count344
\last@try=\dimen300
\multicolovershoot=\dimen301
\multicolundershoot=\dimen302
\mult@nat@firstbox=\box120
\colbreak@box=\box121
\mc@col@check@num=\count345
)
(C:\Users\Asus\AppData\Local\Programs\MiKTeX\tex/latex/booktabs\booktabs.sty
Package: booktabs 2020/01/12 v1.61803398 Publication quality tables
\heavyrulewidth=\dimen303
\lightrulewidth=\dimen304
\cmidrulewidth=\dimen305
\belowrulesep=\dimen306
\belowbottomsep=\dimen307
\aboverulesep=\dimen308
\abovetopsep=\dimen309
\cmidrulesep=\dimen310
\cmidrulekern=\dimen311
\defaultaddspace=\dimen312
\@cmidla=\count346
\@cmidlb=\count347
\@aboverulesep=\dimen313
\@belowrulesep=\dimen314
\@thisruleclass=\count348
\@lastruleclass=\count349
\@thisrulewidth=\dimen315
)
(C:\Users\Asus\AppData\Local\Programs\MiKTeX\tex/latex/fundus-calligra\calligra
.sty
Package: calligra 2012/04/10 v1.9 LaTeX package calligra
)
(C:\Users\Asus\AppData\Local\Programs\MiKTeX\tex/latex/pstricks\pstricks.sty
Package: pstricks 2024/02/02 v0.75 LaTeX wrapper for `PSTricks' (RN,HV)

(C:\Users\Asus\AppData\Local\Programs\MiKTeX\tex/generic/xkeyval\pst-xkey.tex
File: pst-xkey.tex 2005/11/25 v1.6 PSTricks specialization of xkeyval (HA)

(C:\Users\Asus\AppData\Local\Programs\MiKTeX\tex/latex/xkeyval\xkeyval.sty
Package: xkeyval 2022/06/16 v2.9 package option processing (HA)

(C:\Users\Asus\AppData\Local\Programs\MiKTeX\tex/generic/xkeyval\xkeyval.tex
(C:\Users\Asus\AppData\Local\Programs\MiKTeX\tex/generic/xkeyval\xkvutils.tex
\XKV@toks=\toks46
\XKV@tempa@toks=\toks47
)
\XKV@depth=\count350
File: xkeyval.tex 2014/12/03 v2.7a key=value parser (HA)
)))
(C:\Users\Asus\AppData\Local\Programs\MiKTeX\tex/generic/pstricks\pstricks.tex
(C:\Users\Asus\AppData\Local\Programs\MiKTeX\tex/generic/pstricks\pst-fp.tex
`pst-fp' v0.06, 2020/11/20 (hv)
\pstFP@xs=\count351
\pstFP@xia=\count352
\pstFP@xib=\count353
\pstFP@xfa=\count354
\pstFP@xfb=\count355
\pstFP@rega=\count356
\pstFP@regb=\count357
\pstFP@regs=\count358
\pstFP@times=\count359
)
\psLoopIndex=\count360

`PSTricks' v3.20  <2024/07/09> (tvz,hv)
\pst@dima=\dimen316
\pst@dimb=\dimen317
\pst@dimc=\dimen318
\pst@dimd=\dimen319
\pst@dimg=\dimen320
\pst@dimh=\dimen321
\pst@dimm=\dimen322
\pst@dimn=\dimen323
\pst@dimo=\dimen324
\pst@dimp=\dimen325
\pst@hbox=\box122
\pst@ibox=\box123
\pst@boxg=\box124
\pst@cnta=\count361
\pst@cntb=\count362
\pst@cntc=\count363
\pst@cntd=\count364
\pst@cntg=\count365
\pst@cnth=\count366
\pst@cntm=\count367
\pst@cntn=\count368
\pst@cnto=\count369
\pst@cntp=\count370
\@zero=\count371
\pst@toks=\toks48
--- We are running latex or xelatex ---
(C:\Users\Asus\AppData\Local\Programs\MiKTeX\tex/generic/pstricks\pstricks.con)

(C:\Users\Asus\AppData\Local\Programs\MiKTeX\tex/generic/pstricks\pstricks-colo
r.tex)
\psunit=\dimen326
\psxunit=\dimen327
\psyunit=\dimen328
\pst@C@@rType=\count372
\pslinewidth=\dimen329
\psk@startLW=\dimen330
\psk@endLW=\dimen331

(C:\Users\Asus\AppData\Local\Programs\MiKTeX\tex/generic/pstricks\pstricks-arro
ws.tex
\pshooklength=\dimen332
\pshookwidth=\dimen333
)
\pst@customdefs=\toks49

(C:\Users\Asus\AppData\Local\Programs\MiKTeX\tex/generic/pstricks\pstricks-dots
.tex)
\pslinearc=\dimen334
\pst@symbolStep=\dimen335
\pst@symbolWidth=\dimen336
\pst@symbolLinewidth=\dimen337
\everypsbox=\toks50
\psframesep=\dimen338
\pslabelsep=\dimen339
\sh@wgridXunit=\dimen340
\sh@wgridYunit=\dimen341
\pst@shift=\dimen342
\ps@imagectr=\count373

(C:\Users\Asus\AppData\Local\Programs\MiKTeX\tex/generic/pstricks\pstricks.con)
)
File: pstricks.tex 2024/07/09 v3.20 `PSTricks' (tvz,hv)
 (C:\Users\Asus\AppData\Local\Programs\MiKTeX\tex/generic/pstricks\pst-fp.tex
`pst-fp' v0.06, 2020/11/20 (hv))
File: pst-fp.tex 2020/11/20 v0.06 `PST-fp' (hv)
)
(C:\Users\Asus\AppData\Local\Programs\MiKTeX\tex/latex/listings\listings.sty
\lst@mode=\count374
\lst@gtempboxa=\box125
\lst@token=\toks51
\lst@length=\count375
\lst@currlwidth=\dimen343
\lst@column=\count376
\lst@pos=\count377
\lst@lostspace=\dimen344
\lst@width=\dimen345
\lst@newlines=\count378
\lst@lineno=\count379
\lst@maxwidth=\dimen346

(C:\Users\Asus\AppData\Local\Programs\MiKTeX\tex/latex/listings\lstmisc.sty
File: lstmisc.sty 2023/02/27 1.9 (Carsten Heinz)
\c@lstnumber=\count380
\lst@skipnumbers=\count381
\lst@framebox=\box126
)
(C:\Users\Asus\AppData\Local\Programs\MiKTeX\tex/latex/listings\listings.cfg
File: listings.cfg 2023/02/27 1.9 listings configuration
))
Package: listings 2023/02/27 1.9 (Carsten Heinz)

(C:\Users\Asus\AppData\Local\Programs\MiKTeX\tex/latex/stackengine\stackengine.
sty
Package: stackengine 2021/07/22 v4.11\ Stacking text and objects in convenient 
ways

(C:\Users\Asus\AppData\Local\Programs\MiKTeX\tex/latex/listofitems\listofitems.
sty
(C:\Users\Asus\AppData\Local\Programs\MiKTeX\tex/generic/listofitems\listofitem
s.tex
\loi_cnt_foreach_nest=\count382
\loi_nestcnt=\count383
)
Package: listofitems 2024/03/09 v1.65 Grab items in lists using user-specified 
sep char (CT)
) (C:\Users\Asus\AppData\Local\Programs\MiKTeX\tex/latex/tools\calc.sty
Package: calc 2023/07/08 v4.3 Infix arithmetic (KKT,FJ)
\calc@Acount=\count384
\calc@Bcount=\count385
\calc@Adimen=\dimen347
\calc@Bdimen=\dimen348
\calc@Askip=\skip67
\calc@Bskip=\skip68
LaTeX Info: Redefining \setlength on input line 80.
LaTeX Info: Redefining \addtolength on input line 81.
\calc@Ccount=\count386
\calc@Cskip=\skip69
)
\c@@stackindex=\count387
\@boxshift=\skip70
\stack@tmplength=\skip71
\temp@stkl=\skip72
\@stackedboxwidth=\skip73
\@addedbox=\box127
\@anchorbox=\box128
\@insetbox=\box129
\se@backgroundbox=\box130
\stackedbox=\box131
\@centerbox=\box132
\c@ROWcellindex@=\count388
) (C:\Users\Asus\AppData\Local\Programs\MiKTeX\tex/latex/lipsum\lipsum.sty
(C:\Users\Asus\AppData\Local\Programs\MiKTeX\tex/latex/l3packages/l3keys2e\l3ke
ys2e.sty
(C:\Users\Asus\AppData\Local\Programs\MiKTeX\tex/latex/l3kernel\expl3.sty
Package: expl3 2024-01-04 L3 programming layer (loader) 

(C:\Users\Asus\AppData\Local\Programs\MiKTeX\tex/latex/l3backend\l3backend-pdft
ex.def
File: l3backend-pdftex.def 2024-01-04 L3 backend support: PDF output (pdfTeX)
\l__color_backend_stack_int=\count389
\l__pdf_internal_box=\box133
))
Package: l3keys2e 2023-10-10 LaTeX2e option processing using LaTeX3 keys
)
Package: lipsum 2021-09-20 v2.7 150 paragraphs of Lorem Ipsum dummy text
\g__lipsum_par_int=\count390
\l__lipsum_a_int=\count391
\l__lipsum_b_int=\count392

(C:\Users\Asus\AppData\Local\Programs\MiKTeX\tex/latex/lipsum\lipsum.ltd.tex))
(C:\Users\Asus\AppData\Local\Programs\MiKTeX\tex/latex/pgf/frontendlayer\tikz.s
ty
(C:\Users\Asus\AppData\Local\Programs\MiKTeX\tex/latex/pgf/basiclayer\pgf.sty
Loading pgf.sty

(C:\Users\Asus\AppData\Local\Programs\MiKTeX\tex/generic/pgf/modules\pgfmodules
hapes.code.tex
File: pgfmoduleshapes.code.tex 2023-01-15 v3.1.10 (3.1.10)
\pgfnodeparttextbox=\box134
)
(C:\Users\Asus\AppData\Local\Programs\MiKTeX\tex/generic/pgf/modules\pgfmodulep
lot.code.tex
File: pgfmoduleplot.code.tex 2023-01-15 v3.1.10 (3.1.10)
)
(C:\Users\Asus\AppData\Local\Programs\MiKTeX\tex/latex/pgf/compatibility\pgfcom
p-version-0-65.sty
Loading pgfcomp-version-0-65.sty
\pgf@nodesepstart=\dimen349
\pgf@nodesepend=\dimen350
)
(C:\Users\Asus\AppData\Local\Programs\MiKTeX\tex/latex/pgf/compatibility\pgfcom
p-version-1-18.sty
Loading pgfcomp-version-1-18.sty
))
(C:\Users\Asus\AppData\Local\Programs\MiKTeX\tex/latex/pgf/utilities\pgffor.sty

(C:\Users\Asus\AppData\Local\Programs\MiKTeX\tex/generic/pgf/utilities\pgffor.c
ode.tex
Loading pgffor.code.tex
\pgffor@iter=\dimen351
\pgffor@skip=\dimen352
\pgffor@stack=\toks52
\pgffor@toks=\toks53
))
(C:\Users\Asus\AppData\Local\Programs\MiKTeX\tex/generic/pgf/frontendlayer/tikz
\tikz.code.tex
Loading tikz.code.tex

(C:\Users\Asus\AppData\Local\Programs\MiKTeX\tex/generic/pgf/libraries\pgflibra
ryplothandlers.code.tex
File: pgflibraryplothandlers.code.tex 2023-01-15 v3.1.10 (3.1.10)
\pgf@plot@mark@count=\count393
\pgfplotmarksize=\dimen353
)
\tikz@lastx=\dimen354
\tikz@lasty=\dimen355
\tikz@lastxsaved=\dimen356
\tikz@lastysaved=\dimen357
\tikz@lastmovetox=\dimen358
\tikz@lastmovetoy=\dimen359
\tikzleveldistance=\dimen360
\tikzsiblingdistance=\dimen361
\tikz@figbox=\box135
\tikz@figbox@bg=\box136
\tikz@tempbox=\box137
\tikz@tempbox@bg=\box138
\tikztreelevel=\count394
\tikznumberofchildren=\count395
\tikznumberofcurrentchild=\count396
\tikz@fig@count=\count397

(C:\Users\Asus\AppData\Local\Programs\MiKTeX\tex/generic/pgf/modules\pgfmodulem
atrix.code.tex
File: pgfmodulematrix.code.tex 2023-01-15 v3.1.10 (3.1.10)
\pgfmatrixcurrentrow=\count398
\pgfmatrixcurrentcolumn=\count399
\pgf@matrix@numberofcolumns=\count400
)
\tikz@expandcount=\count401

(C:\Users\Asus\AppData\Local\Programs\MiKTeX\tex/generic/pgf/frontendlayer/tikz
/libraries\tikzlibrarytopaths.code.tex
File: tikzlibrarytopaths.code.tex 2023-01-15 v3.1.10 (3.1.10)
)))
(C:\Users\Asus\AppData\Local\Programs\MiKTeX\tex/generic/pgf/frontendlayer/tikz
/libraries\tikzlibraryshapes.geometric.code.tex
File: tikzlibraryshapes.geometric.code.tex 2023-01-15 v3.1.10 (3.1.10)

(C:\Users\Asus\AppData\Local\Programs\MiKTeX\tex/generic/pgf/libraries/shapes\p
gflibraryshapes.geometric.code.tex
File: pgflibraryshapes.geometric.code.tex 2023-01-15 v3.1.10 (3.1.10)
))
(C:\Users\Asus\AppData\Local\Programs\MiKTeX\tex/latex/pgfplots\pgfplots.sty
(C:\Users\Asus\AppData\Local\Programs\MiKTeX\tex/generic/pgfplots\pgfplots.revi
sion.tex)
Package: pgfplots 2021/05/15 v1.18.1 Data Visualization (1.18.1)

(C:\Users\Asus\AppData\Local\Programs\MiKTeX\tex/generic/pgfplots\pgfplots.code
.tex
(C:\Users\Asus\AppData\Local\Programs\MiKTeX\tex/generic/pgfplots\pgfplotscore.
code.tex
\t@pgfplots@toka=\toks54
\t@pgfplots@tokb=\toks55
\t@pgfplots@tokc=\toks56
\pgfplots@tmpa=\dimen362
\c@pgfplots@coordindex=\count402
\c@pgfplots@scanlineindex=\count403

(C:\Users\Asus\AppData\Local\Programs\MiKTeX\tex/generic/pgfplots/sys\pgfplotss
ysgeneric.code.tex))
(C:\Users\Asus\AppData\Local\Programs\MiKTeX\tex/generic/pgfplots/libs\pgfplots
library.code.tex)
(C:\Users\Asus\AppData\Local\Programs\MiKTeX\tex/generic/pgfplots/oldpgfcompati
b\pgfplotsoldpgfsupp_loader.code.tex
(C:\Users\Asus\AppData\Local\Programs\MiKTeX\tex/generic/pgf/libraries\pgflibra
ryfpu.code.tex)
Package pgfplots: loading complementary utilities for your pgf version...
\t@pgf@toka=\toks57
\t@pgf@tokb=\toks58
\t@pgf@tokc=\toks59

(C:\Users\Asus\AppData\Local\Programs\MiKTeX\tex/generic/pgfplots/oldpgfcompati
b\pgfplotsoldpgfsupp_pgfutil-common-lists.tex))
(C:\Users\Asus\AppData\Local\Programs\MiKTeX\tex/generic/pgfplots/util\pgfplots
util.code.tex
(C:\Users\Asus\AppData\Local\Programs\MiKTeX\tex/generic/pgfplots/liststructure
\pgfplotsliststructure.code.tex)
(C:\Users\Asus\AppData\Local\Programs\MiKTeX\tex/generic/pgfplots/liststructure
\pgfplotsliststructureext.code.tex)
(C:\Users\Asus\AppData\Local\Programs\MiKTeX\tex/generic/pgfplots/liststructure
\pgfplotsarray.code.tex
\c@pgfplotsarray@tmp=\count404
)
(C:\Users\Asus\AppData\Local\Programs\MiKTeX\tex/generic/pgfplots/liststructure
\pgfplotsmatrix.code.tex)
(C:\Users\Asus\AppData\Local\Programs\MiKTeX\tex/generic/pgfplots/numtable\pgfp
lotstableshared.code.tex
\c@pgfplotstable@counta=\count405
\t@pgfplotstable@a=\toks60
)
(C:\Users\Asus\AppData\Local\Programs\MiKTeX\tex/generic/pgfplots/liststructure
\pgfplotsdeque.code.tex)
(C:\Users\Asus\AppData\Local\Programs\MiKTeX\tex/generic/pgfplots/util\pgfplots
binary.code.tex
(C:\Users\Asus\AppData\Local\Programs\MiKTeX\tex/generic/pgfplots/util\pgfplots
binary.data.code.tex))
(C:\Users\Asus\AppData\Local\Programs\MiKTeX\tex/generic/pgfplots/util\pgfplots
util.verb.code.tex)
(C:\Users\Asus\AppData\Local\Programs\MiKTeX\tex/generic/pgfplots/libs\pgflibra
rypgfplots.surfshading.code.tex
\c@pgfplotslibrarysurf@no=\count406

(C:\Users\Asus\AppData\Local\Programs\MiKTeX\tex/generic/pgfplots/sys\pgflibrar
ypgfplots.surfshading.pgfsys-pdftex.def)))
(C:\Users\Asus\AppData\Local\Programs\MiKTeX\tex/generic/pgfplots/util\pgfplots
colormap.code.tex
(C:\Users\Asus\AppData\Local\Programs\MiKTeX\tex/generic/pgfplots/util\pgfplots
color.code.tex))
(C:\Users\Asus\AppData\Local\Programs\MiKTeX\tex/generic/pgfplots\pgfplotsstack
edplots.code.tex)
(C:\Users\Asus\AppData\Local\Programs\MiKTeX\tex/generic/pgfplots\pgfplotsploth
andlers.code.tex
(C:\Users\Asus\AppData\Local\Programs\MiKTeX\tex/generic/pgfplots\pgfplotsmeshp
lothandler.code.tex
(C:\Users\Asus\AppData\Local\Programs\MiKTeX\tex/generic/pgfplots\pgfplotsmeshp
lotimage.code.tex)))
(C:\Users\Asus\AppData\Local\Programs\MiKTeX\tex/generic/pgfplots\pgfplots.scal
ing.code.tex)
(C:\Users\Asus\AppData\Local\Programs\MiKTeX\tex/generic/pgfplots\pgfplotscoord
processing.code.tex)
(C:\Users\Asus\AppData\Local\Programs\MiKTeX\tex/generic/pgfplots\pgfplots.erro
rbars.code.tex)
(C:\Users\Asus\AppData\Local\Programs\MiKTeX\tex/generic/pgfplots\pgfplots.mark
ers.code.tex)
(C:\Users\Asus\AppData\Local\Programs\MiKTeX\tex/generic/pgfplots\pgfplotsticks
.code.tex)
(C:\Users\Asus\AppData\Local\Programs\MiKTeX\tex/generic/pgfplots\pgfplots.path
s.code.tex)
(C:\Users\Asus\AppData\Local\Programs\MiKTeX\tex/generic/pgf/frontendlayer/tikz
/libraries\tikzlibrarydecorations.code.tex
(C:\Users\Asus\AppData\Local\Programs\MiKTeX\tex/generic/pgf/modules\pgfmoduled
ecorations.code.tex
\pgfdecoratedcompleteddistance=\dimen363
\pgfdecoratedremainingdistance=\dimen364
\pgfdecoratedinputsegmentcompleteddistance=\dimen365
\pgfdecoratedinputsegmentremainingdistance=\dimen366
\pgf@decorate@distancetomove=\dimen367
\pgf@decorate@repeatstate=\count407
\pgfdecorationsegmentamplitude=\dimen368
\pgfdecorationsegmentlength=\dimen369
)
\tikz@lib@dec@box=\box139
)
(C:\Users\Asus\AppData\Local\Programs\MiKTeX\tex/generic/pgf/frontendlayer/tikz
/libraries\tikzlibrarydecorations.pathmorphing.code.tex
(C:\Users\Asus\AppData\Local\Programs\MiKTeX\tex/generic/pgf/libraries/decorati
ons\pgflibrarydecorations.pathmorphing.code.tex))
(C:\Users\Asus\AppData\Local\Programs\MiKTeX\tex/generic/pgf/frontendlayer/tikz
/libraries\tikzlibrarydecorations.pathreplacing.code.tex
(C:\Users\Asus\AppData\Local\Programs\MiKTeX\tex/generic/pgf/libraries/decorati
ons\pgflibrarydecorations.pathreplacing.code.tex))
(C:\Users\Asus\AppData\Local\Programs\MiKTeX\tex/generic/pgfplots/libs\tikzlibr
arypgfplots.contourlua.code.tex)
\pgfplots@numplots=\count408
\pgfplots@xmin@reg=\dimen370
\pgfplots@xmax@reg=\dimen371
\pgfplots@ymin@reg=\dimen372
\pgfplots@ymax@reg=\dimen373
\pgfplots@zmin@reg=\dimen374
\pgfplots@zmax@reg=\dimen375
)
(C:\Users\Asus\AppData\Local\Programs\MiKTeX\tex/generic/pgf/frontendlayer/tikz
/libraries\tikzlibraryplotmarks.code.tex
File: tikzlibraryplotmarks.code.tex 2023-01-15 v3.1.10 (3.1.10)

(C:\Users\Asus\AppData\Local\Programs\MiKTeX\tex/generic/pgf/libraries\pgflibra
ryplotmarks.code.tex
File: pgflibraryplotmarks.code.tex 2023-01-15 v3.1.10 (3.1.10)
)))
(C:\Users\Asus\AppData\Local\Programs\MiKTeX\tex/latex/tools\array.sty
Package: array 2023/10/16 v2.5g Tabular extension package (FMi)
\col@sep=\dimen376
\ar@mcellbox=\box140
\extrarowheight=\dimen377
\NC@list=\toks61
\extratabsurround=\skip74
\backup@length=\skip75
\ar@cellbox=\box141
)
(SUTstyle.sty
(C:\Users\Asus\AppData\Local\Programs\MiKTeX\tex/latex/beamer\beamerouterthemes
moothbars.sty)
(C:\Users\Asus\AppData\Local\Programs\MiKTeX\tex/latex/beamer\beamerinnerthemec
ircles.sty)) (slide.aux)
\openout1 = `slide.aux'.

LaTeX Font Info:    Checking defaults for OML/cmm/m/it on input line 60.
LaTeX Font Info:    ... okay on input line 60.
LaTeX Font Info:    Checking defaults for OMS/cmsy/m/n on input line 60.
LaTeX Font Info:    ... okay on input line 60.
LaTeX Font Info:    Checking defaults for OT1/cmr/m/n on input line 60.
LaTeX Font Info:    ... okay on input line 60.
LaTeX Font Info:    Checking defaults for T1/cmr/m/n on input line 60.
LaTeX Font Info:    ... okay on input line 60.
LaTeX Font Info:    Checking defaults for TS1/cmr/m/n on input line 60.
LaTeX Font Info:    ... okay on input line 60.
LaTeX Font Info:    Checking defaults for OMX/cmex/m/n on input line 60.
LaTeX Font Info:    ... okay on input line 60.
LaTeX Font Info:    Checking defaults for U/cmr/m/n on input line 60.
LaTeX Font Info:    ... okay on input line 60.
LaTeX Font Info:    Checking defaults for PD1/pdf/m/n on input line 60.
LaTeX Font Info:    ... okay on input line 60.
LaTeX Font Info:    Checking defaults for PU/pdf/m/n on input line 60.
LaTeX Font Info:    ... okay on input line 60.
LaTeX Font Info:    Checking defaults for FML/futm/m/it on input line 60.
LaTeX Font Info:    Trying to load font information for FML+futm on input line 
60.

(C:\Users\Asus\AppData\Local\Programs\MiKTeX\tex/latex/fourier\fmlfutm.fd
File: fmlfutm.fd 2004/10/30 Fontinst v1.926 font definitions for FML/futm.
)
LaTeX Font Info:    ... okay on input line 60.
LaTeX Font Info:    Checking defaults for FMS/futm/m/n on input line 60.
LaTeX Font Info:    Trying to load font information for FMS+futm on input line 
60.

(C:\Users\Asus\AppData\Local\Programs\MiKTeX\tex/latex/fourier\fmsfutm.fd
File: fmsfutm.fd 2004/10/30 Fontinst v1.926 font definitions for FMS/futm.
)
LaTeX Font Info:    ... okay on input line 60.
LaTeX Font Info:    Checking defaults for FMX/futm/m/n on input line 60.
LaTeX Font Info:    Trying to load font information for FMX+futm on input line 
60.

(C:\Users\Asus\AppData\Local\Programs\MiKTeX\tex/latex/fourier\fmxfutm.fd
File: fmxfutm.fd futm-extension
)
LaTeX Font Info:    ... okay on input line 60.

*geometry* driver: auto-detecting
*geometry* detected driver: pdftex
*geometry* verbose mode - [ preamble ] result:
* driver: pdftex
* paper: custom
* layout: <same size as paper>
* layoutoffset:(h,v)=(0.0pt,0.0pt)
* modes: includehead includefoot 
* h-part:(L,W,R)=(28.45274pt, 398.3386pt, 28.45274pt)
* v-part:(T,H,B)=(0.0pt, 256.0748pt, 0.0pt)
* \paperwidth=455.24408pt
* \paperheight=256.0748pt
* \textwidth=398.3386pt
* \textheight=227.62207pt
* \oddsidemargin=-43.81725pt
* \evensidemargin=-43.81725pt
* \topmargin=-72.26999pt
* \headheight=14.22636pt
* \headsep=0.0pt
* \topskip=11.0pt
* \footskip=14.22636pt
* \marginparwidth=4.0pt
* \marginparsep=10.0pt
* \columnsep=10.0pt
* \skip\footins=10.0pt plus 4.0pt minus 2.0pt
* \hoffset=0.0pt
* \voffset=0.0pt
* \mag=1000
* \@twocolumnfalse
* \@twosidefalse
* \@mparswitchfalse
* \@reversemarginfalse
* (1in=72.27pt=25.4mm, 1cm=28.453pt)


(C:\Users\Asus\AppData\Local\Programs\MiKTeX\tex/context/base/mkii\supp-pdf.mki
i
[Loading MPS to PDF converter (version 2006.09.02).]
\scratchcounter=\count409
\scratchdimen=\dimen378
\scratchbox=\box142
\nofMPsegments=\count410
\nofMParguments=\count411
\everyMPshowfont=\toks62
\MPscratchCnt=\count412
\MPscratchDim=\dimen379
\MPnumerator=\count413
\makeMPintoPDFobject=\count414
\everyMPtoPDFconversion=\toks63
)
(C:\Users\Asus\AppData\Local\Programs\MiKTeX\tex/latex/epstopdf-pkg\epstopdf-ba
se.sty
Package: epstopdf-base 2020-01-24 v2.11 Base part for package epstopdf
Package epstopdf-base Info: Redefining graphics rule for `.eps' on input line 4
85.

(C:\Users\Asus\AppData\Local\Programs\MiKTeX\tex/latex/00miktex\epstopdf-sys.cf
g
File: epstopdf-sys.cfg 2021/03/18 v2.0 Configuration of epstopdf for MiKTeX
))
Package hyperref Info: Link coloring OFF on input line 60.
 (slide.out) (slide.out)
\@outlinefile=\write5
\openout5 = `slide.out'.

\symnumbers=\mathgroup9
\sympureletters=\mathgroup10
LaTeX Font Info:    Overwriting math alphabet `\mathrm' in version `normal'
(Font)                  T1/futs/m/n --> T1/futs/m/n on input line 60.
LaTeX Font Info:    Redeclaring math alphabet \mathbf on input line 60.
LaTeX Font Info:    Overwriting math alphabet `\mathbf' in version `normal'
(Font)                  T1/futs/bx/n --> T1/futs/b/n on input line 60.
LaTeX Font Info:    Overwriting math alphabet `\mathbf' in version `bold'
(Font)                  T1/futs/bx/n --> T1/futs/b/n on input line 60.
LaTeX Font Info:    Redeclaring math alphabet \mathsf on input line 60.
LaTeX Font Info:    Overwriting math alphabet `\mathsf' in version `normal'
(Font)                  OT1/cmss/m/n --> T1/cmss/m/n on input line 60.
LaTeX Font Info:    Overwriting math alphabet `\mathsf' in version `bold'
(Font)                  OT1/cmss/bx/n --> T1/cmss/m/n on input line 60.
LaTeX Font Info:    Redeclaring math alphabet \mathit on input line 60.
LaTeX Font Info:    Overwriting math alphabet `\mathit' in version `normal'
(Font)                  T1/futs/m/it --> T1/futs/m/it on input line 60.
LaTeX Font Info:    Overwriting math alphabet `\mathit' in version `bold'
(Font)                  T1/futs/m/it --> T1/futs/m/it on input line 60.
LaTeX Font Info:    Redeclaring math alphabet \mathtt on input line 60.
LaTeX Font Info:    Overwriting math alphabet `\mathtt' in version `normal'
(Font)                  OT1/cmtt/m/n --> T1/cmtt/m/n on input line 60.
LaTeX Font Info:    Overwriting math alphabet `\mathtt' in version `bold'
(Font)                  OT1/cmtt/m/n --> T1/cmtt/m/n on input line 60.
LaTeX Font Info:    Overwriting symbol font `numbers' in version `bold'
(Font)                  T1/futs/m/n --> T1/futs/b/n on input line 60.
LaTeX Font Info:    Overwriting symbol font `pureletters' in version `bold'
(Font)                  T1/futs/m/it --> T1/futs/b/it on input line 60.
LaTeX Font Info:    Overwriting math alphabet `\mathrm' in version `bold'
(Font)                  T1/futs/m/n --> T1/futs/b/n on input line 60.
LaTeX Font Info:    Overwriting math alphabet `\mathbf' in version `bold'
(Font)                  T1/futs/b/n --> T1/futs/b/n on input line 60.
LaTeX Font Info:    Overwriting math alphabet `\mathsf' in version `bold'
(Font)                  T1/cmss/m/n --> T1/cmss/b/n on input line 60.
LaTeX Font Info:    Overwriting math alphabet `\mathit' in version `bold'
(Font)                  T1/futs/m/it --> T1/futs/b/it on input line 60.
LaTeX Font Info:    Overwriting math alphabet `\mathtt' in version `bold'
(Font)                  T1/cmtt/m/n --> T1/cmtt/b/n on input line 60.

(C:\Users\Asus\AppData\Local\Programs\MiKTeX\tex/latex/translator\translator-ba
sic-dictionary-English.dict
Dictionary: translator-basic-dictionary, Language: English 
)
(C:\Users\Asus\AppData\Local\Programs\MiKTeX\tex/latex/translator\translator-bi
bliography-dictionary-English.dict
Dictionary: translator-bibliography-dictionary, Language: English 
)
(C:\Users\Asus\AppData\Local\Programs\MiKTeX\tex/latex/translator\translator-en
vironment-dictionary-English.dict
Dictionary: translator-environment-dictionary, Language: English 
)
(C:\Users\Asus\AppData\Local\Programs\MiKTeX\tex/latex/translator\translator-mo
nths-dictionary-English.dict
Dictionary: translator-months-dictionary, Language: English 
)
(C:\Users\Asus\AppData\Local\Programs\MiKTeX\tex/latex/translator\translator-nu
mbers-dictionary-English.dict
Dictionary: translator-numbers-dictionary, Language: English 
)
(C:\Users\Asus\AppData\Local\Programs\MiKTeX\tex/latex/translator\translator-th
eorem-dictionary-English.dict
Dictionary: translator-theorem-dictionary, Language: English 
)
LaTeX Font Info:    Redeclaring math accent \widehat on input line 60.
LaTeX Font Info:    Redeclaring math accent \widetilde on input line 60.
\c@lstlisting=\count415

Package pgfplots notification 'compat/show suggested version=true': you might b
enefit from \pgfplotsset{compat=1.18} (current compat level: 1.16).

(slide.nav)
Overfull \hbox (20.78085pt too wide) in paragraph at lines 60--60
 [][]  \T1/futs/m/n/6 (Sharif 
 []


Overfull \hbox (20.78085pt too wide) in paragraph at lines 70--70
 [][]  \T1/futs/m/n/6 (Sharif 
 []

<pic/sharif-main-logo.png, id=102, 200.75pt x 200.75pt>
File: pic/sharif-main-logo.png Graphic file (type png)
<use pic/sharif-main-logo.png>
Package pdftex.def Info: pic/sharif-main-logo.png  used on input line 70.
(pdftex.def)             Requested size: 50.18736pt x 50.18736pt.

Overfull \hbox (20.78085pt too wide) has occurred while \output is active
 [][]  \T1/futs/m/n/6 (Sharif 
 []

[1
Non-PDF special ignored!
<special> header=pstricks.pro
Non-PDF special ignored!
<special> header=pst-algparser.pro
Non-PDF special ignored!
<special> header=pst-tools.pro
Non-PDF special ignored!
<special> header=pst-dots.pro
{C:/Users/Asus/AppData/Local/MiKTeX/fonts/map/pdftex/pdftex.map}{C:/Users/Asus/
AppData/Local/Programs/MiKTeX/fonts/enc/dvips/base/8r.enc}


Non-PDF special ignored!
<special> ps: /pssetRGBcolor /setrgbcolor load def /pssetCMYKcolor /setcmyk...
Non-PDF special ignored!
<special> ps:tx@Dict begin  gsave STV CP T /ps@rot 0 def grestore  end
Non-PDF special ignored!
<special> ps:tx@Dict begin  gsave STV CP T /ps@refangle 0.  def grestore  e...
 <./pic/sharif-main-logo.png>]
Overfull \hbox (20.78085pt too wide) in paragraph at lines 76--76
 [][]  \T1/futs/m/n/6 (Sharif 
 []

(slide.toc)
Overfull \hbox (20.78085pt too wide) has occurred while \output is active
 [][]  \T1/futs/m/n/6 (Sharif 
 []

[2

]
Overfull \hbox (20.78085pt too wide) in paragraph at lines 79--79
 [][]  \T1/futs/m/n/6 (Sharif 
 []

(slide.toc)
Overfull \hbox (20.78085pt too wide) has occurred while \output is active
 [][]  \T1/futs/m/n/6 (Sharif 
 []

[3

]
Overfull \hbox (20.78085pt too wide) in paragraph at lines 96--96
 [][]  \T1/futs/m/n/6 (Sharif 
 []

LaTeX Font Info:    Trying to load font information for FML+futmi on input line
 96.
(C:\Users\Asus\AppData\Local\Programs\MiKTeX\tex/latex/fourier\fmlfutmi.fd
File: fmlfutmi.fd 2004/10/30 Fontinst v1.926 font definitions for FML/futmi.
)
LaTeX Font Info:    Font shape `FMX/futm/m/n' will be
(Font)              scaled to size 10.07397pt on input line 96.
LaTeX Font Info:    Font shape `FMX/futm/m/n' will be
(Font)              scaled to size 7.63599pt on input line 96.
LaTeX Font Info:    Font shape `FMX/futm/m/n' will be
(Font)              scaled to size 5.51999pt on input line 96.
LaTeX Font Info:    Trying to load font information for U+msa on input line 96.


(C:\Users\Asus\AppData\Local\Programs\MiKTeX\tex/latex/amsfonts\umsa.fd
File: umsa.fd 2013/01/14 v3.01 AMS symbols A
)
LaTeX Font Info:    Trying to load font information for U+msb on input line 96.


(C:\Users\Asus\AppData\Local\Programs\MiKTeX\tex/latex/amsfonts\umsb.fd
File: umsb.fd 2013/01/14 v3.01 AMS symbols B
)
LaTeX Font Info:    Font shape `U/futm/m/n' will be
(Font)              scaled to size 10.07397pt on input line 96.
LaTeX Font Info:    Font shape `U/futm/m/n' will be
(Font)              scaled to size 7.63599pt on input line 96.
LaTeX Font Info:    Font shape `U/futm/m/n' will be
(Font)              scaled to size 5.51999pt on input line 96.
LaTeX Font Info:    Trying to load font information for U+lasy on input line 96
.

(C:\Users\Asus\AppData\Local\Programs\MiKTeX\tex/latex/base\ulasy.fd
File: ulasy.fd 1998/08/17 v2.2e LaTeX symbol font definitions
)
Overfull \hbox (20.78085pt too wide) has occurred while \output is active
 [][]  \T1/futs/m/n/6 (Sharif 
 []

[4

]
Overfull \hbox (20.78085pt too wide) in paragraph at lines 142--142
 [][]  \T1/futs/m/n/6 (Sharif 
 []


Overfull \hbox (20.78085pt too wide) has occurred while \output is active
 [][]  \T1/futs/m/n/6 (Sharif 
 []

[5

]
Overfull \hbox (20.78085pt too wide) in paragraph at lines 160--160
 [][]  \T1/futs/m/n/6 (Sharif 
 []


Overfull \hbox (20.78085pt too wide) has occurred while \output is active
 [][]  \T1/futs/m/n/6 (Sharif 
 []

[6

]
Overfull \hbox (20.78085pt too wide) in paragraph at lines 178--178
 [][]  \T1/futs/m/n/6 (Sharif 
 []


Overfull \hbox (20.78085pt too wide) has occurred while \output is active
 [][]  \T1/futs/m/n/6 (Sharif 
 []

[7

]
Overfull \hbox (20.78085pt too wide) in paragraph at lines 197--197
 [][]  \T1/futs/m/n/6 (Sharif 
 []


Overfull \hbox (20.78085pt too wide) has occurred while \output is active
 [][]  \T1/futs/m/n/6 (Sharif 
 []

[8

]
Overfull \hbox (20.78085pt too wide) in paragraph at lines 218--218
 [][]  \T1/futs/m/n/6 (Sharif 
 []


Overfull \hbox (20.78085pt too wide) has occurred while \output is active
 [][]  \T1/futs/m/n/6 (Sharif 
 []

[9

]
Overfull \hbox (20.78085pt too wide) in paragraph at lines 237--237
 [][]  \T1/futs/m/n/6 (Sharif 
 []


Overfull \hbox (20.78085pt too wide) has occurred while \output is active
 [][]  \T1/futs/m/n/6 (Sharif 
 []

[10

]
Overfull \hbox (20.78085pt too wide) in paragraph at lines 250--250
 [][]  \T1/futs/m/n/6 (Sharif 
 []


Overfull \hbox (20.78085pt too wide) has occurred while \output is active
 [][]  \T1/futs/m/n/6 (Sharif 
 []

[11

]
Overfull \hbox (20.78085pt too wide) in paragraph at lines 257--257
 [][]  \T1/futs/m/n/6 (Sharif 
 []

<pic/NTK_paper_exp.png, id=1121, 1072.005pt x 389.455pt>
File: pic/NTK_paper_exp.png Graphic file (type png)
<use pic/NTK_paper_exp.png>
Package pdftex.def Info: pic/NTK_paper_exp.png  used on input line 257.
(pdftex.def)             Requested size: 398.3386pt x 144.71411pt.

Overfull \hbox (20.78085pt too wide) has occurred while \output is active
 [][]  \T1/futs/m/n/6 (Sharif 
 []

[12

 <./pic/NTK_paper_exp.png>]
Overfull \hbox (20.78085pt too wide) in paragraph at lines 263--263
 [][]  \T1/futs/m/n/6 (Sharif 
 []

(slide.toc)
Overfull \hbox (20.78085pt too wide) has occurred while \output is active
 [][]  \T1/futs/m/n/6 (Sharif 
 []

[13

]
Overfull \hbox (20.78085pt too wide) in paragraph at lines 271--271
 [][]  \T1/futs/m/n/6 (Sharif 
 []


Overfull \hbox (20.78085pt too wide) has occurred while \output is active
 [][]  \T1/futs/m/n/6 (Sharif 
 []

[14

]
Overfull \hbox (20.78085pt too wide) in paragraph at lines 308--308
 [][]  \T1/futs/m/n/6 (Sharif 
 []


Overfull \hbox (20.78085pt too wide) has occurred while \output is active
 [][]  \T1/futs/m/n/6 (Sharif 
 []

[15

]
Overfull \hbox (20.78085pt too wide) in paragraph at lines 331--331
 [][]  \T1/futs/m/n/6 (Sharif 
 []


Overfull \hbox (20.78085pt too wide) has occurred while \output is active
 [][]  \T1/futs/m/n/6 (Sharif 
 []

[16

]
Overfull \hbox (20.78085pt too wide) in paragraph at lines 349--349
 [][]  \T1/futs/m/n/6 (Sharif 
 []


Overfull \hbox (20.78085pt too wide) has occurred while \output is active
 [][]  \T1/futs/m/n/6 (Sharif 
 []

[17

]
Overfull \hbox (20.78085pt too wide) in paragraph at lines 361--361
 [][]  \T1/futs/m/n/6 (Sharif 
 []


Overfull \hbox (20.78085pt too wide) has occurred while \output is active
 [][]  \T1/futs/m/n/6 (Sharif 
 []

[18

]
Overfull \hbox (20.78085pt too wide) in paragraph at lines 372--372
 [][]  \T1/futs/m/n/6 (Sharif 
 []


Overfull \hbox (20.78085pt too wide) has occurred while \output is active
 [][]  \T1/futs/m/n/6 (Sharif 
 []

[19

]
Overfull \hbox (20.78085pt too wide) in paragraph at lines 390--390
 [][]  \T1/futs/m/n/6 (Sharif 
 []


Overfull \hbox (20.78085pt too wide) has occurred while \output is active
 [][]  \T1/futs/m/n/6 (Sharif 
 []

[20

]
Overfull \hbox (20.78085pt too wide) in paragraph at lines 412--412
 [][]  \T1/futs/m/n/6 (Sharif 
 []

LaTeX Font Info:    Font shape `FMX/futm/m/n' will be
(Font)              scaled to size 9.19998pt on input line 412.
LaTeX Font Info:    Font shape `FMX/futm/m/n' will be
(Font)              scaled to size 6.99199pt on input line 412.
LaTeX Font Info:    Font shape `U/futm/m/n' will be
(Font)              scaled to size 9.19998pt on input line 412.
LaTeX Font Info:    Font shape `U/futm/m/n' will be
(Font)              scaled to size 6.99199pt on input line 412.

Overfull \hbox (20.78085pt too wide) has occurred while \output is active
 [][]  \T1/futs/m/n/6 (Sharif 
 []

[21

]
Overfull \hbox (20.78085pt too wide) in paragraph at lines 442--442
 [][]  \T1/futs/m/n/6 (Sharif 
 []


Overfull \hbox (20.78085pt too wide) has occurred while \output is active
 [][]  \T1/futs/m/n/6 (Sharif 
 []

[22

]
Overfull \hbox (20.78085pt too wide) in paragraph at lines 457--457
 [][]  \T1/futs/m/n/6 (Sharif 
 []


Overfull \hbox (20.78085pt too wide) has occurred while \output is active
 [][]  \T1/futs/m/n/6 (Sharif 
 []

[23

]
Overfull \hbox (20.78085pt too wide) in paragraph at lines 467--467
 [][]  \T1/futs/m/n/6 (Sharif 
 []

<pic/FC.png, id=2184, 246.9225pt x 128.48pt>
File: pic/FC.png Graphic file (type png)
<use pic/FC.png>
Package pdftex.def Info: pic/FC.png  used on input line 467.
(pdftex.def)             Requested size: 123.46094pt x 64.23984pt.
<pic/CNN.png, id=2185, 237.88875pt x 116.435pt>
File: pic/CNN.png Graphic file (type png)
<use pic/CNN.png>
Package pdftex.def Info: pic/CNN.png  used on input line 467.
(pdftex.def)             Requested size: 118.94408pt x 58.21735pt.

Overfull \hbox (20.78085pt too wide) has occurred while \output is active
 [][]  \T1/futs/m/n/6 (Sharif 
 []

[24

 <./pic/FC.png> <./pic/CNN.png>]
Overfull \hbox (20.78085pt too wide) in paragraph at lines 470--470
 [][]  \T1/futs/m/n/6 (Sharif 
 []

(slide.toc)
Overfull \hbox (20.78085pt too wide) has occurred while \output is active
 [][]  \T1/futs/m/n/6 (Sharif 
 []

[25

]
Overfull \hbox (20.78085pt too wide) in paragraph at lines 494--494
 [][]  \T1/futs/m/n/6 (Sharif 
 []


Overfull \hbox (20.78085pt too wide) has occurred while \output is active
 [][]  \T1/futs/m/n/6 (Sharif 
 []

[26

]
Overfull \hbox (20.78085pt too wide) in paragraph at lines 497--497
 [][]  \T1/futs/m/n/6 (Sharif 
 []

(slide.toc)
Overfull \hbox (20.78085pt too wide) has occurred while \output is active
 [][]  \T1/futs/m/n/6 (Sharif 
 []

[27

]
Overfull \hbox (20.78085pt too wide) in paragraph at lines 512--512
 [][]  \T1/futs/m/n/6 (Sharif 
 []

(slide.bbl)
Overfull \hbox (20.78085pt too wide) has occurred while \output is active
 [][]  \T1/futs/m/n/6 (Sharif 
 []

[28

]
Overfull \hbox (20.78085pt too wide) has occurred while \output is active
 [][]  \T1/futs/m/n/6 (Sharif 
 []

[29


]
\tf@nav=\write6
\openout6 = `slide.nav'.

\tf@toc=\write7
\openout7 = `slide.toc'.

\tf@snm=\write8
\openout8 = `slide.snm'.

 (slide.aux)
 ***********
LaTeX2e <2023-11-01> patch level 1
L3 programming layer <2024-01-04>
 ***********
Package rerunfilecheck Info: File `slide.out' has not changed.
(rerunfilecheck)             Checksum: 2D4DAAFC3DA2959B80F443871096A241;410.
 ) 
Here is how much of TeX's memory you used:
 40134 strings out of 474485
 925680 string characters out of 5744206
 1957542 words of memory out of 5000000
 61546 multiletter control sequences out of 15000+600000
 667203 words of font info for 148 fonts, out of 8000000 for 9000
 1141 hyphenation exceptions out of 8191
 101i,20n,107p,741b,831s stack positions out of 10000i,1000n,20000p,200000b,200000s
<C:/Users/Asus/AppData/Local/Programs/MiKTeX/fonts/type1/public/fourier/fouri
er-bb.pfb><C:/Users/Asus/AppData/Local/Programs/MiKTeX/fonts/type1/public/fouri
er/fourier-mcl.pfb><C:/Users/Asus/AppData/Local/Programs/MiKTeX/fonts/type1/pub
lic/fourier/fourier-mex.pfb><C:/Users/Asus/AppData/Local/Programs/MiKTeX/fonts/
type1/public/fourier/fourier-ml.pfb><C:/Users/Asus/AppData/Local/Programs/MiKTe
X/fonts/type1/public/fourier/fourier-mlit.pfb><C:/Users/Asus/AppData/Local/Prog
rams/MiKTeX/fonts/type1/public/fourier/fourier-ms.pfb><C:/Users/Asus/AppData/Lo
cal/Programs/MiKTeX/fonts/type1/adobe/utopia/putb8a.pfb><C:/Users/Asus/AppData/
Local/Programs/MiKTeX/fonts/type1/adobe/utopia/putr8a.pfb><C:/Users/Asus/AppDat
a/Local/Programs/MiKTeX/fonts/type1/adobe/utopia/putri8a.pfb>
Output written on slide.pdf (29 pages, 677893 bytes).
PDF statistics:
 2724 PDF objects out of 2984 (max. 8388607)
 70 named destinations out of 1000 (max. 500000)
 125 words of extra memory for PDF output out of 10000 (max. 10000000)

